[INFO] [launch]: All log files can be found below /root/.ros/log/2026-04-16-18-49-28-460825-1c7a0ad43e3e-276
[INFO] [launch]: Default logging verbosity is set to INFO
[INFO] [gzserver-1]: process started with pid [318]
[INFO] [gzclient-2]: process started with pid [320]
[gzserver-1] ALSA lib confmisc.c:855:(parse_card) cannot find card '0'
[gzserver-1] ALSA lib conf.c:5178:(_snd_config_evaluate) function snd_func_card_inum returned error: No such file or directory
[gzserver-1] ALSA lib confmisc.c:422:(snd_func_concat) error evaluating strings
[gzserver-1] ALSA lib conf.c:5178:(_snd_config_evaluate) function snd_func_concat returned error: No such file or directory
[gzserver-1] ALSA lib confmisc.c:1334:(snd_func_refer) error evaluating name
[gzserver-1] ALSA lib conf.c:5178:(_snd_config_evaluate) function snd_func_refer returned error: No such file or directory
[gzserver-1] ALSA lib conf.c:5701:(snd_config_expand) Evaluate error: No such file or directory
[gzserver-1] ALSA lib pcm.c:2664:(snd_pcm_open_noupdate) Unknown PCM default
[gzserver-1] AL lib: (EE) ALCplaybackAlsa_open: Could not open playback device 'default': No such file or directory
[gzserver-1] [0m[INFO] [1776365375.163917462] [target.planar_move]: Subscribed to [/target/cmd_vel][0m
[gzserver-1] [0m[INFO] [1776365375.171612670] [target.planar_move]: Advertise odometry on [/target/odom][0m
[gzserver-1] [0m[INFO] [1776365375.176164379] [target.planar_move]: Publishing odom transforms between [odom] and [base_footprint][0m
[gzserver-1] [0m[INFO] [1776365376.024021671] [obstacle_0.planar_move]: Subscribed to [/obstacle_0/cmd_vel][0m
[gzserver-1] [0m[INFO] [1776365376.028792088] [obstacle_0.planar_move]: Advertise odometry on [/obstacle_0/odom][0m
[gzserver-1] [0m[INFO] [1776365376.029656296] [obstacle_0.planar_move]: Publishing odom transforms between [odom] and [base_footprint][0m
[gzserver-1] [0m[INFO] [1776365377.078739380] [obstacle_1.planar_move]: Subscribed to [/obstacle_1/cmd_vel][0m
[gzserver-1] [0m[INFO] [1776365377.079191463] [obstacle_1.planar_move]: Advertise odometry on [/obstacle_1/odom][0m
[gzserver-1] [0m[INFO] [1776365377.080717671] [obstacle_1.planar_move]: Publishing odom transforms between [odom] and [base_footprint][0m
[gzserver-1] Warning: link 'base_link' material 'blue' undefined.
[gzserver-1]          at line 84 in ./urdf_parser/src/model.cpp
[gzserver-1] Warning: link 'base_link' material 'blue' undefined.
[gzserver-1]          at line 84 in ./urdf_parser/src/model.cpp
[gzserver-1] [0m[INFO] [1776365378.002431880] [omni_robot.gazebo_ros_camera]: Publishing camera info to [/omni_robot/camera/camera_info][0m
[gzserver-1] [33m[WARN] [1776365378.050787547] [omni_robot.gazebo_ros_laser]: missing <output_type>, defaults to sensor_msgs/PointCloud2[0m
[gzserver-1] [0m[INFO] [1776365378.125717755] [omni_robot.planar_move]: Subscribed to [/omni_robot/cmd_vel][0m
[gzserver-1] [0m[INFO] [1776365378.126247672] [omni_robot.planar_move]: Advertise odometry on [/omni_robot/odom][0m
[gzserver-1] [0m[INFO] [1776365378.127116630] [omni_robot.planar_move]: Publishing odom transforms between [odom] and [base_footprint][0m
[gzserver-1] [0m[INFO] [1776365378.359066922] [obstacle_2.planar_move]: Subscribed to [/obstacle_2/cmd_vel][0m
[gzserver-1] [0m[INFO] [1776365378.359398755] [obstacle_2.planar_move]: Advertise odometry on [/obstacle_2/odom][0m
[gzserver-1] [0m[INFO] [1776365378.359853589] [obstacle_2.planar_move]: Publishing odom transforms between [odom] and [base_footprint][0m
